#
# There is insufficient memory for the Java Runtime Environment to continue.
# Native memory allocation (malloc) failed to allocate 695776 bytes for Chunk::new
# Possible reasons:
#   The system is out of physical RAM or swap space
#   In 32 bit mode, the process size limit was hit
# Possible solutions:
#   Reduce memory load on the system
#   Increase physical memory or swap space
#   Check if swap backing store is full
#   Use 64 bit Java on a 64 bit OS
#   Decrease Java heap size (-Xmx/-Xms)
#   Decrease number of Java threads
#   Decrease Java thread stack sizes (-Xss)
#   Set larger code cache with -XX:ReservedCodeCacheSize=
# This output file may be truncated or incomplete.
#
#  Out of Memory Error (allocation.cpp:390), pid=17260, tid=0x0000000000002ea0
#
# JRE version: OpenJDK Runtime Environment (8.0_152-b01) (build 1.8.0_152-release-1343-b01)
# Java VM: OpenJDK 64-Bit Server VM (25.152-b01 mixed mode windows-amd64 compressed oops)
# Failed to write core dump. Minidumps are not enabled by default on client versions of Windows
#

---------------  T H R E A D  ---------------

Current thread (0x000000001874c000):  JavaThread "C2 CompilerThread0" daemon [_thread_in_native, id=11936, stack(0x0000000018e20000,0x0000000018f20000)]

Stack: [0x0000000018e20000,0x0000000018f20000]
[error occurred during error reporting (printing stack bounds), id 0xc0000005]

Native frames: (J=compiled Java code, j=interpreted, Vv=VM code, C=native code)


Current CompileTask:
C2:  43182 18983 %     4       com.android.tools.r8.ir.conversion.JarSourceCode::computeBlockEntryJarStates @ 140 (360 bytes)


---------------  P R O C E S S  ---------------

Java Threads: ( => current thread )
  0x0000000020eed800 JavaThread "ForkJoinPool.commonPool-worker-5" daemon [_thread_in_native, id=7200, stack(0x000000002a5a0000,0x000000002a6a0000)]
  0x0000000020eee800 JavaThread "ForkJoinPool.commonPool-worker-0" daemon [_thread_in_native, id=4456, stack(0x000000002a4a0000,0x000000002a5a0000)]
  0x0000000020ee7000 JavaThread "Cache worker for Java compile cache (C:\Users\Zhu\Desktop\bank\ReLease2\.gradle\5.1.1\javaCompile)" [_thread_blocked, id=3540, stack(0x0000000029ba0000,0x0000000029ca0000)]
  0x0000000020eeb800 JavaThread "Cache worker for Java compile cache (C:\Users\Zhu\.gradle\caches\5.1.1\javaCompile)" [_thread_blocked, id=4108, stack(0x0000000029aa0000,0x0000000029ba0000)]
  0x000000001985f800 JavaThread "stdout" daemon [_thread_in_native, id=12160, stack(0x00000000297a0000,0x00000000298a0000)]
  0x000000001985e000 JavaThread "stderr" daemon [_thread_in_native, id=12004, stack(0x00000000296a0000,0x00000000297a0000)]
  0x0000000019861000 JavaThread "stdout" daemon [_thread_in_native, id=11892, stack(0x00000000295a0000,0x00000000296a0000)]
  0x000000001985f000 JavaThread "stderr" daemon [_thread_in_native, id=11964, stack(0x00000000294a0000,0x00000000295a0000)]
  0x000000001985c000 JavaThread "stdout" daemon [_thread_in_native, id=12588, stack(0x00000000293a0000,0x00000000294a0000)]
  0x000000001985b000 JavaThread "stderr" daemon [_thread_in_native, id=1368, stack(0x00000000292a0000,0x00000000293a0000)]
  0x0000000019860800 JavaThread "stdout" daemon [_thread_in_native, id=1556, stack(0x00000000291a0000,0x00000000292a0000)]
  0x000000001985c800 JavaThread "stderr" daemon [_thread_in_native, id=13660, stack(0x00000000290a0000,0x00000000291a0000)]
  0x000000001985d800 JavaThread "stdout" daemon [_thread_in_native, id=15664, stack(0x0000000028fa0000,0x00000000290a0000)]
  0x0000000019854000 JavaThread "stderr" daemon [_thread_in_native, id=15680, stack(0x0000000028ea0000,0x0000000028fa0000)]
  0x000000001985a000 JavaThread "stdout" daemon [_thread_in_native, id=11864, stack(0x0000000028da0000,0x0000000028ea0000)]
  0x0000000019852800 JavaThread "stderr" daemon [_thread_in_native, id=2472, stack(0x0000000028ca0000,0x0000000028da0000)]
  0x0000000019859800 JavaThread "stdout" daemon [_thread_in_native, id=13672, stack(0x0000000028ba0000,0x0000000028ca0000)]
  0x0000000019858000 JavaThread "stderr" daemon [_thread_in_native, id=16916, stack(0x0000000028aa0000,0x0000000028ba0000)]
  0x0000000019852000 JavaThread "pool-4-thread-1" [_thread_blocked, id=15696, stack(0x00000000289a0000,0x0000000028aa0000)]
  0x0000000019857000 JavaThread "ForkJoinPool.commonPool-worker-7" daemon [_thread_blocked, id=15584, stack(0x00000000288a0000,0x00000000289a0000)]
  0x0000000019855000 JavaThread "ForkJoinPool.commonPool-worker-6" daemon [_thread_in_native, id=15564, stack(0x00000000287a0000,0x00000000288a0000)]
  0x0000000019855800 JavaThread "ForkJoinPool.commonPool-worker-3" daemon [_thread_blocked, id=15656, stack(0x00000000284a0000,0x00000000285a0000)]
  0x0000000019853800 JavaThread "ForkJoinPool.commonPool-worker-2" daemon [_thread_blocked, id=13608, stack(0x00000000283a0000,0x00000000284a0000)]
  0x000000001a763800 JavaThread "ForkJoinPool.commonPool-worker-1" daemon [_thread_blocked, id=11784, stack(0x00000000282a0000,0x00000000283a0000)]
  0x000000001a767000 JavaThread "Cache worker for execution history cache (C:\Users\Zhu\Desktop\bank\ReLease2\.gradle\5.1.1\executionHistory)" [_thread_blocked, id=16464, stack(0x00000000271d0000,0x00000000272d0000)]
  0x000000001d41d800 JavaThread "Execution worker for ':' Thread 7" [_thread_blocked, id=12124, stack(0x00000000270d0000,0x00000000271d0000)]
  0x000000001d41a800 JavaThread "Execution worker for ':' Thread 6" [_thread_blocked, id=15592, stack(0x0000000026fd0000,0x00000000270d0000)]
  0x000000001d41c000 JavaThread "Execution worker for ':' Thread 5" [_thread_blocked, id=11228, stack(0x0000000026ed0000,0x0000000026fd0000)]
  0x000000001d41f000 JavaThread "Execution worker for ':' Thread 4" [_thread_blocked, id=5340, stack(0x0000000026dd0000,0x0000000026ed0000)]
  0x000000001d41b800 JavaThread "Execution worker for ':' Thread 3" [_thread_blocked, id=11624, stack(0x0000000026cd0000,0x0000000026dd0000)]
  0x000000001d419000 JavaThread "Execution worker for ':' Thread 2" [_thread_blocked, id=15616, stack(0x0000000026bd0000,0x0000000026cd0000)]
  0x000000001d41d000 JavaThread "Execution worker for ':'" [_thread_blocked, id=15628, stack(0x0000000026ad0000,0x0000000026bd0000)]
  0x000000001d41a000 JavaThread "Cache worker for file content cache (C:\Users\Zhu\Desktop\bank\ReLease2\.gradle\5.1.1\fileContent)" [_thread_blocked, id=15640, stack(0x00000000269d0000,0x0000000026ad0000)]
  0x0000000020fb3000 JavaThread "Cache worker for file content cache (C:\Users\Zhu\.gradle\caches\5.1.1\fileContent)" [_thread_blocked, id=15636, stack(0x00000000268d0000,0x00000000269d0000)]
  0x0000000020fb2800 JavaThread "Cache worker for Build Output Cleanup Cache (C:\Users\Zhu\Desktop\bank\ReLease2\.gradle\buildOutputCleanup)" [_thread_blocked, id=15648, stack(0x00000000267d0000,0x00000000268d0000)]
  0x0000000020fb1800 JavaThread "pool-3-thread-1" [_thread_blocked, id=16952, stack(0x00000000266d0000,0x00000000267d0000)]
  0x0000000020fb1000 JavaThread "Build operations Thread 8" [_thread_blocked, id=5276, stack(0x00000000265d0000,0x00000000266d0000)]
  0x0000000020fa9800 JavaThread "Build operations Thread 7" [_thread_blocked, id=1956, stack(0x00000000264d0000,0x00000000265d0000)]
  0x0000000020fad000 JavaThread "Build operations Thread 6" [_thread_blocked, id=4044, stack(0x00000000263d0000,0x00000000264d0000)]
  0x0000000020fac800 JavaThread "Build operations Thread 5" [_thread_blocked, id=7456, stack(0x00000000262d0000,0x00000000263d0000)]
  0x0000000020faf800 JavaThread "Build operations Thread 4" [_thread_blocked, id=10908, stack(0x00000000261d0000,0x00000000262d0000)]
  0x0000000020fab800 JavaThread "Build operations Thread 3" [_thread_blocked, id=8400, stack(0x00000000260d0000,0x00000000261d0000)]
  0x0000000020fb0000 JavaThread "Build operations Thread 2" [_thread_blocked, id=14956, stack(0x0000000025fd0000,0x00000000260d0000)]
  0x0000000020fae000 JavaThread "Build operations" [_thread_blocked, id=12524, stack(0x0000000025ed0000,0x0000000025fd0000)]
  0x0000000020fae800 JavaThread "Cache worker for cache directory md-rule (C:\Users\Zhu\.gradle\caches\5.1.1\md-rule)" [_thread_blocked, id=10780, stack(0x0000000025dd0000,0x0000000025ed0000)]
  0x0000000020fab000 JavaThread "Cache worker for cache directory md-supplier (C:\Users\Zhu\.gradle\caches\5.1.1\md-supplier)" [_thread_blocked, id=15016, stack(0x0000000025cd0000,0x0000000025dd0000)]
  0x0000000020fa4000 JavaThread "Cache worker for file hash cache (C:\Users\Zhu\Desktop\bank\ReLease2\.gradle\5.1.1\fileHashes)" [_thread_blocked, id=3236, stack(0x0000000025bd0000,0x0000000025cd0000)]
  0x0000000020faa000 JavaThread "Thread-37" [_thread_blocked, id=3424, stack(0x0000000025ad0000,0x0000000025bd0000)]
  0x0000000020fa8800 JavaThread "Stdin handler" [_thread_blocked, id=4948, stack(0x00000000259d0000,0x0000000025ad0000)]
  0x0000000020fa8000 JavaThread "Asynchronous log dispatcher for DefaultDaemonConnection: socket connection from /127.0.0.1:50266 to /127.0.0.1:50288" [_thread_blocked, id=5224, stack(0x00000000258d0000,0x00000000259d0000)]
  0x0000000020fa7000 JavaThread "Cancel handler" [_thread_blocked, id=5252, stack(0x00000000257d0000,0x00000000258d0000)]
  0x0000000020fa5800 JavaThread "Handler for socket connection from /127.0.0.1:50266 to /127.0.0.1:50288" [_thread_in_native, id=5336, stack(0x00000000256d0000,0x00000000257d0000)]
  0x0000000020fa6800 JavaThread "Memory manager" [_thread_blocked, id=14976, stack(0x0000000023ba0000,0x0000000023ca0000)]
  0x000000001a762000 JavaThread "Cache worker for execution history cache (C:\Users\Zhu\.gradle\caches\5.1.1\executionHistory)" [_thread_blocked, id=16732, stack(0x00000000220a0000,0x00000000221a0000)]
  0x000000001a768800 JavaThread "Cache worker for journal cache (C:\Users\Zhu\.gradle\caches\journal-1)" [_thread_blocked, id=16900, stack(0x000000001bcc0000,0x000000001bdc0000)]
  0x000000001a768000 JavaThread "File lock request listener" [_thread_in_native, id=16768, stack(0x000000001bbc0000,0x000000001bcc0000)]
  0x000000001a7a4000 JavaThread "Cache worker for file hash cache (C:\Users\Zhu\.gradle\caches\5.1.1\fileHashes)" [_thread_blocked, id=1948, stack(0x000000001bac0000,0x000000001bbc0000)]
  0x000000001a715800 JavaThread "Daemon worker" [_thread_blocked, id=9656, stack(0x000000001b5c0000,0x000000001b6c0000)]
  0x000000001a6de800 JavaThread "Daemon" [_thread_blocked, id=16204, stack(0x000000001b0c0000,0x000000001b1c0000)]
  0x000000001a537000 JavaThread "Daemon periodic checks" [_thread_blocked, id=16208, stack(0x000000001afc0000,0x000000001b0c0000)]
  0x000000001a321800 JavaThread "Incoming local TCP Connector on port 50266" [_thread_in_native, id=16228, stack(0x000000001ae10000,0x000000001af10000)]
  0x00000000187eb000 JavaThread "Service Thread" daemon [_thread_blocked, id=1016, stack(0x0000000019220000,0x0000000019320000)]
  0x000000001875e000 JavaThread "C1 CompilerThread3" daemon [_thread_in_vm, id=11156, stack(0x0000000019120000,0x0000000019220000)]
  0x0000000018752800 JavaThread "C2 CompilerThread2" daemon [_thread_in_native, id=15524, stack(0x0000000019020000,0x0000000019120000)]
  0x000000001874f000 JavaThread "C2 CompilerThread1" daemon [_thread_in_native, id=15520, stack(0x0000000018f20000,0x0000000019020000)]
=>0x000000001874c000 JavaThread "C2 CompilerThread0" daemon [_thread_in_native, id=11936, stack(0x0000000018e20000,0x0000000018f20000)]
  0x000000001874b000 JavaThread "Attach Listener" daemon [_thread_blocked, id=5932, stack(0x0000000018d20000,0x0000000018e20000)]
  0x000000001874a800 JavaThread "Signal Dispatcher" daemon [_thread_blocked, id=13836, stack(0x0000000018c20000,0x0000000018d20000)]
  0x00000000029f9000 JavaThread "Finalizer" daemon [_thread_blocked, id=10432, stack(0x0000000018ac0000,0x0000000018bc0000)]
  0x00000000029f8000 JavaThread "Reference Handler" daemon [_thread_blocked, id=3736, stack(0x00000000185c0000,0x00000000186c0000)]
  0x0000000000dee800 JavaThread "main" [_thread_blocked, id=13424, stack(0x0000000002800000,0x0000000002900000)]

Other Threads:
  0x00000000167d8000 VMThread [stack: 0x00000000184c0000,0x00000000185c0000] [id=6552]
  0x00000000187ec000 WatcherThread [stack: 0x0000000019320000,0x0000000019420000] [id=8984]

VM state:not at safepoint (normal execution)

VM Mutex/Monitor currently owned by a thread: None

Heap:
 PSYoungGen      total 328704K, used 118345K [0x00000000e0000000, 0x00000000f6900000, 0x0000000100000000)
  eden space 293888K, 36% used [0x00000000e0000000,0x00000000e69282f0,0x00000000f1f00000)
  from space 34816K, 30% used [0x00000000f4700000,0x00000000f516a2e0,0x00000000f6900000)
  to   space 37888K, 0% used [0x00000000f1f00000,0x00000000f1f00000,0x00000000f4400000)
 ParOldGen       total 233984K, used 114583K [0x00000000a0000000, 0x00000000ae480000, 0x00000000e0000000)
  object space 233984K, 48% used [0x00000000a0000000,0x00000000a6fe5fe0,0x00000000ae480000)
 Metaspace       used 111181K, capacity 115372K, committed 115608K, reserved 1150976K
  class space    used 13933K, capacity 14756K, committed 14760K, reserved 1048576K

Card table byte_map: [0x0000000011dc0000,0x00000000120d0000] byte_map_base: 0x00000000118c0000

Marking Bits: (ParMarkBitMap*) 0x0000000070a05aa0
 Begin Bits: [0x0000000012ad0000, 0x00000000142d0000)
 End Bits:   [0x00000000142d0000, 0x0000000015ad0000)

Polling page: 0x0000000000760000

CodeCache: size=245760Kb used=49830Kb max_used=49830Kb free=195929Kb
 bounds [0x0000000002a00000, 0x0000000005af0000, 0x0000000011a00000]
 total_blobs=16734 nmethods=15816 adapters=828
 compilation: enabled

Compilation events (10 events):
Event: 43.167 Thread 0x000000001875e000 nmethod 19252 0x0000000005adfe90 code [0x0000000005ae0000, 0x0000000005ae01c8]
Event: 43.167 Thread 0x000000001875e000 19253   !   2       sun.nio.fs.WindowsNativeDispatcher::CreateDirectory (30 bytes)
Event: 43.167 Thread 0x000000001875e000 nmethod 19253 0x0000000005ae02d0 code [0x0000000005ae0460, 0x0000000005ae0658]
Event: 43.168 Thread 0x000000001875e000 19255   !   2       sun.nio.fs.WindowsFileSystemProvider::createDirectory (99 bytes)
Event: 43.169 Thread 0x000000001875e000 nmethod 19255 0x0000000005ae0810 code [0x0000000005ae0a60, 0x0000000005ae1168]
Event: 43.169 Thread 0x000000001875e000 19256       2       sun.nio.fs.WindowsPath::checkWrite (17 bytes)
Event: 43.169 Thread 0x000000001875e000 nmethod 19256 0x0000000005ae1b50 code [0x0000000005ae1cc0, 0x0000000005ae1e68]
Event: 43.171 Thread 0x000000001875e000 19257   !   2       java.nio.file.Files::createAndCheckIsDirectory (30 bytes)
Event: 43.172 Thread 0x000000001875e000 nmethod 19257 0x0000000005ae2290 code [0x0000000005ae2440, 0x0000000005ae28b8]
Event: 43.180 Thread 0x000000001875e000 19258       2       com.android.tools.r8.dex.ApplicationWriter::lambda$write$2 (188 bytes)

GC Heap History (10 events):
Event: 40.864 GC heap before
{Heap before GC invocations=28 (full 4):
 PSYoungGen      total 290816K, used 262109K [0x00000000e0000000, 0x00000000f4780000, 0x0000000100000000)
  eden space 249344K, 100% used [0x00000000e0000000,0x00000000ef380000,0x00000000ef380000)
  from space 41472K, 30% used [0x00000000ef380000,0x00000000efff7740,0x00000000f1c00000)
  to   space 43008K, 0% used [0x00000000f1c00000,0x00000000f1c00000,0x00000000f4600000)
 ParOldGen       total 233984K, used 89033K [0x00000000a0000000, 0x00000000ae480000, 0x00000000e0000000)
  object space 233984K, 38% used [0x00000000a0000000,0x00000000a56f27e8,0x00000000ae480000)
 Metaspace       used 110325K, capacity 114438K, committed 114584K, reserved 1148928K
  class space    used 13840K, capacity 14637K, committed 14760K, reserved 1048576K
Event: 40.881 GC heap after
Heap after GC invocations=28 (full 4):
 PSYoungGen      total 292352K, used 9387K [0x00000000e0000000, 0x00000000f4780000, 0x0000000100000000)
  eden space 249344K, 0% used [0x00000000e0000000,0x00000000e0000000,0x00000000ef380000)
  from space 43008K, 21% used [0x00000000f1c00000,0x00000000f252aff8,0x00000000f4600000)
  to   space 41472K, 0% used [0x00000000ef380000,0x00000000ef380000,0x00000000f1c00000)
 ParOldGen       total 233984K, used 91975K [0x00000000a0000000, 0x00000000ae480000, 0x00000000e0000000)
  object space 233984K, 39% used [0x00000000a0000000,0x00000000a59d1c50,0x00000000ae480000)
 Metaspace       used 110325K, capacity 114438K, committed 114584K, reserved 1148928K
  class space    used 13840K, capacity 14637K, committed 14760K, reserved 1048576K
}
Event: 41.466 GC heap before
{Heap before GC invocations=29 (full 4):
 PSYoungGen      total 292352K, used 258731K [0x00000000e0000000, 0x00000000f4780000, 0x0000000100000000)
  eden space 249344K, 100% used [0x00000000e0000000,0x00000000ef380000,0x00000000ef380000)
  from space 43008K, 21% used [0x00000000f1c00000,0x00000000f252aff8,0x00000000f4600000)
  to   space 41472K, 0% used [0x00000000ef380000,0x00000000ef380000,0x00000000f1c00000)
 ParOldGen       total 233984K, used 92014K [0x00000000a0000000, 0x00000000ae480000, 0x00000000e0000000)
  object space 233984K, 39% used [0x00000000a0000000,0x00000000a59dba28,0x00000000ae480000)
 Metaspace       used 110366K, capacity 114448K, committed 114584K, reserved 1148928K
  class space    used 13841K, capacity 14638K, committed 14760K, reserved 1048576K
Event: 41.522 GC heap after
Heap after GC invocations=29 (full 4):
 PSYoungGen      total 290816K, used 13031K [0x00000000e0000000, 0x00000000f6c80000, 0x0000000100000000)
  eden space 249344K, 0% used [0x00000000e0000000,0x00000000e0000000,0x00000000ef380000)
  from space 41472K, 31% used [0x00000000ef380000,0x00000000f0039fa8,0x00000000f1c00000)
  to   space 38400K, 0% used [0x00000000f4700000,0x00000000f4700000,0x00000000f6c80000)
 ParOldGen       total 233984K, used 93410K [0x00000000a0000000, 0x00000000ae480000, 0x00000000e0000000)
  object space 233984K, 39% used [0x00000000a0000000,0x00000000a5b38a50,0x00000000ae480000)
 Metaspace       used 110366K, capacity 114448K, committed 114584K, reserved 1148928K
  class space    used 13841K, capacity 14638K, committed 14760K, reserved 1048576K
}
Event: 42.137 GC heap before
{Heap before GC invocations=30 (full 4):
 PSYoungGen      total 290816K, used 262375K [0x00000000e0000000, 0x00000000f6c80000, 0x0000000100000000)
  eden space 249344K, 100% used [0x00000000e0000000,0x00000000ef380000,0x00000000ef380000)
  from space 41472K, 31% used [0x00000000ef380000,0x00000000f0039fa8,0x00000000f1c00000)
  to   space 38400K, 0% used [0x00000000f4700000,0x00000000f4700000,0x00000000f6c80000)
 ParOldGen       total 233984K, used 93412K [0x00000000a0000000, 0x00000000ae480000, 0x00000000e0000000)
  object space 233984K, 39% used [0x00000000a0000000,0x00000000a5b39238,0x00000000ae480000)
 Metaspace       used 110437K, capacity 114516K, committed 114840K, reserved 1148928K
  class space    used 13842K, capacity 14640K, committed 14760K, reserved 1048576K
Event: 42.154 GC heap after
Heap after GC invocations=30 (full 4):
 PSYoungGen      total 328704K, used 7528K [0x00000000e0000000, 0x00000000f6900000, 0x0000000100000000)
  eden space 293888K, 0% used [0x00000000e0000000,0x00000000e0000000,0x00000000f1f00000)
  from space 34816K, 21% used [0x00000000f4700000,0x00000000f4e5a208,0x00000000f6900000)
  to   space 37888K, 0% used [0x00000000f1f00000,0x00000000f1f00000,0x00000000f4400000)
 ParOldGen       total 233984K, used 103693K [0x00000000a0000000, 0x00000000ae480000, 0x00000000e0000000)
  object space 233984K, 44% used [0x00000000a0000000,0x00000000a65434f8,0x00000000ae480000)
 Metaspace       used 110437K, capacity 114516K, committed 114840K, reserved 1148928K
  class space    used 13842K, capacity 14640K, committed 14760K, reserved 1048576K
}
Event: 42.501 GC heap before
{Heap before GC invocations=31 (full 4):
 PSYoungGen      total 328704K, used 301416K [0x00000000e0000000, 0x00000000f6900000, 0x0000000100000000)
  eden space 293888K, 100% used [0x00000000e0000000,0x00000000f1f00000,0x00000000f1f00000)
  from space 34816K, 21% used [0x00000000f4700000,0x00000000f4e5a208,0x00000000f6900000)
  to   space 37888K, 0% used [0x00000000f1f00000,0x00000000f1f00000,0x00000000f4400000)
 ParOldGen       total 233984K, used 103693K [0x00000000a0000000, 0x00000000ae480000, 0x00000000e0000000)
  object space 233984K, 44% used [0x00000000a0000000,0x00000000a65434f8,0x00000000ae480000)
 Metaspace       used 110548K, capacity 114644K, committed 114840K, reserved 1148928K
  class space    used 13843K, capacity 14640K, committed 14760K, reserved 1048576K
Event: 42.514 GC heap after
Heap after GC invocations=31 (full 4):
 PSYoungGen      total 331776K, used 9226K [0x00000000e0000000, 0x00000000f6900000, 0x0000000100000000)
  eden space 293888K, 0% used [0x00000000e0000000,0x00000000e0000000,0x00000000f1f00000)
  from space 37888K, 24% used [0x00000000f1f00000,0x00000000f2802a90,0x00000000f4400000)
  to   space 34816K, 0% used [0x00000000f4700000,0x00000000f4700000,0x00000000f6900000)
 ParOldGen       total 233984K, used 109155K [0x00000000a0000000, 0x00000000ae480000, 0x00000000e0000000)
  object space 233984K, 46% used [0x00000000a0000000,0x00000000a6a98d50,0x00000000ae480000)
 Metaspace       used 110548K, capacity 114644K, committed 114840K, reserved 1148928K
  class space    used 13843K, capacity 14640K, committed 14760K, reserved 1048576K
}
Event: 42.859 GC heap before
{Heap before GC invocations=32 (full 4):
 PSYoungGen      total 331776K, used 303114K [0x00000000e0000000, 0x00000000f6900000, 0x0000000100000000)
  eden space 293888K, 100% used [0x00000000e0000000,0x00000000f1f00000,0x00000000f1f00000)
  from space 37888K, 24% used [0x00000000f1f00000,0x00000000f2802a90,0x00000000f4400000)
  to   space 34816K, 0% used [0x00000000f4700000,0x00000000f4700000,0x00000000f6900000)
 ParOldGen       total 233984K, used 109155K [0x00000000a0000000, 0x00000000ae480000, 0x00000000e0000000)
  object space 233984K, 46% used [0x00000000a0000000,0x00000000a6a98d50,0x00000000ae480000)
 Metaspace       used 111021K, capacity 115220K, committed 115352K, reserved 1150976K
  class space    used 13918K, capacity 14710K, committed 14760K, reserved 1048576K
Event: 42.881 GC heap after
Heap after GC invocations=32 (full 4):
 PSYoungGen      total 328704K, used 10664K [0x00000000e0000000, 0x00000000f6900000, 0x0000000100000000)
  eden space 293888K, 0% used [0x00000000e0000000,0x00000000e0000000,0x00000000f1f00000)
  from space 34816K, 30% used [0x00000000f4700000,0x00000000f516a2e0,0x00000000f6900000)
  to   space 37888K, 0% used [0x00000000f1f00000,0x00000000f1f00000,0x00000000f4400000)
 ParOldGen       total 233984K, used 114583K [0x00000000a0000000, 0x00000000ae480000, 0x00000000e0000000)
  object space 233984K, 48% used [0x00000000a0000000,0x00000000a6fe5fe0,0x00000000ae480000)
 Metaspace       used 111021K, capacity 115220K, committed 115352K, reserved 1150976K
  class space    used 13918K, capacity 14710K, committed 14760K, reserved 1048576K
}

Deoptimization events (10 events):
Event: 42.837 Thread 0x0000000019853800 Uncommon trap: reason=class_check action=maybe_recompile pc=0x0000000002cac3dc method=com.android.tools.r8.ir.conversion.IRBuilder.isDebugMode()Z @ 17
Event: 42.837 Thread 0x0000000019853800 Uncommon trap: reason=class_check action=maybe_recompile pc=0x0000000002e83c14 method=com.android.tools.r8.ir.conversion.IRBuilder.isDebugMode()Z @ 17
Event: 42.837 Thread 0x0000000019853800 Uncommon trap: reason=class_check action=maybe_recompile pc=0x0000000004f7af3c method=com.android.tools.r8.ir.conversion.IRBuilder.checkRegister(I)V @ 20
Event: 42.897 Thread 0x000000001a763800 Uncommon trap: reason=predicate action=maybe_recompile pc=0x0000000005a647e4 method=java.util.TimSort.mergeHi(IIII)V @ 191
Event: 42.957 Thread 0x0000000019853800 Uncommon trap: reason=array_check action=maybe_recompile pc=0x0000000005ab3ea4 method=java.util.TimSort.mergeHi(IIII)V @ 250
Event: 42.958 Thread 0x0000000019853800 Uncommon trap: reason=array_check action=maybe_recompile pc=0x0000000005ab3ea4 method=java.util.TimSort.mergeHi(IIII)V @ 250
Event: 42.961 Thread 0x0000000019855000 Uncommon trap: reason=bimorphic action=maybe_recompile pc=0x0000000005aafe08 method=com.android.tools.r8.ir.conversion.IRBuilder.checkRegister(I)V @ 20
Event: 42.961 Thread 0x0000000019855000 Uncommon trap: reason=bimorphic action=maybe_recompile pc=0x0000000005aafe08 method=com.android.tools.r8.ir.conversion.IRBuilder.checkRegister(I)V @ 20
Event: 42.961 Thread 0x0000000019855000 Uncommon trap: reason=bimorphic action=maybe_recompile pc=0x0000000005aafe08 method=com.android.tools.r8.ir.conversion.IRBuilder.checkRegister(I)V @ 20
Event: 42.961 Thread 0x0000000019855000 Uncommon trap: reason=bimorphic action=maybe_recompile pc=0x0000000005aafe08 method=com.android.tools.r8.ir.conversion.IRBuilder.checkRegister(I)V @ 20

Classes redefined (0 events):
No events

Internal exceptions (10 events):
Event: 43.173 Thread 0x0000000020eed800 Exception <a 'sun/nio/fs/WindowsException'> (0x00000000e5f03c38) thrown at [D:\src\AOSP-openjdk-cygwin\jdk8u\hotspot\src\share\vm\prims\jni.cpp, line 709]
Event: 43.175 Thread 0x0000000019853800 Exception <a 'sun/nio/fs/WindowsException'> (0x00000000e652f2f0) thrown at [D:\src\AOSP-openjdk-cygwin\jdk8u\hotspot\src\share\vm\prims\jni.cpp, line 709]
Event: 43.175 Thread 0x0000000020eed800 Exception <a 'sun/nio/fs/WindowsException'> (0x00000000e5f09270) thrown at [D:\src\AOSP-openjdk-cygwin\jdk8u\hotspot\src\share\vm\prims\jni.cpp, line 709]
Event: 43.176 Thread 0x0000000019855000 Exception <a 'sun/nio/fs/WindowsException'> (0x00000000e5cdb770) thrown at [D:\src\AOSP-openjdk-cygwin\jdk8u\hotspot\src\share\vm\prims\jni.cpp, line 709]
Event: 43.176 Thread 0x0000000020eee800 Exception <a 'sun/nio/fs/WindowsException'> (0x00000000e677bbf8) thrown at [D:\src\AOSP-openjdk-cygwin\jdk8u\hotspot\src\share\vm\prims\jni.cpp, line 709]
Event: 43.176 Thread 0x0000000019853800 Exception <a 'sun/nio/fs/WindowsException'> (0x00000000e6574e18) thrown at [D:\src\AOSP-openjdk-cygwin\jdk8u\hotspot\src\share\vm\prims\jni.cpp, line 709]
Event: 43.177 Thread 0x0000000020eed800 Exception <a 'sun/nio/fs/WindowsException'> (0x00000000e665e6a8) thrown at [D:\src\AOSP-openjdk-cygwin\jdk8u\hotspot\src\share\vm\prims\jni.cpp, line 709]
Event: 43.180 Thread 0x0000000019855000 Exception <a 'sun/nio/fs/WindowsException'> (0x00000000e5ce07b8) thrown at [D:\src\AOSP-openjdk-cygwin\jdk8u\hotspot\src\share\vm\prims\jni.cpp, line 709]
Event: 43.180 Thread 0x0000000020eee800 Exception <a 'sun/nio/fs/WindowsException'> (0x00000000e67c2698) thrown at [D:\src\AOSP-openjdk-cygwin\jdk8u\hotspot\src\share\vm\prims\jni.cpp, line 709]
Event: 43.181 Thread 0x0000000019855000 Exception <a 'sun/nio/fs/WindowsException'> (0x00000000e5ce7238) thrown at [D:\src\AOSP-openjdk-cygwin\jdk8u\hotspot\src\share\vm\prims\jni.cpp, line 709]

Events (10 events):
Event: 42.966 Thread 0x0000000019855000 DEOPT PACKING pc=0x0000000005a8b219 sp=0x000000002889e360
Event: 42.966 Thread 0x0000000019855000 DEOPT UNPACKING pc=0x0000000002a475d0 sp=0x000000002889e0d0 mode 0
Event: 42.969 Thread 0x0000000020eed800 DEOPT PACKING pc=0x0000000005a8b219 sp=0x000000002a69ded0
Event: 42.969 Thread 0x0000000020eed800 DEOPT UNPACKING pc=0x0000000002a475d0 sp=0x000000002a69dc40 mode 0
Event: 42.985 Thread 0x0000000019855000 DEOPT PACKING pc=0x0000000005a8b219 sp=0x000000002889dc70
Event: 42.985 Thread 0x0000000019855000 DEOPT UNPACKING pc=0x0000000002a475d0 sp=0x000000002889d9e0 mode 0
Event: 43.066 Thread 0x0000000020eed800 DEOPT PACKING pc=0x00000000052b60fc sp=0x000000002a69e050
Event: 43.067 Thread 0x0000000020eed800 DEOPT UNPACKING pc=0x0000000002a475d0 sp=0x000000002a69df08 mode 0
Event: 43.114 Thread 0x0000000019855000 DEOPT PACKING pc=0x000000000599ad7a sp=0x000000002889e2e0
Event: 43.114 Thread 0x0000000019855000 DEOPT UNPACKING pc=0x0000000002a475d0 sp=0x000000002889e108 mode 0


Dynamic libraries:
0x00007ff6e04f0000 - 0x00007ff6e0521000 	C:\Program Files\Android\Android Studio\jre\bin\java.exe
0x00007ffa83a40000 - 0x00007ffa83c2d000 	C:\WINDOWS\SYSTEM32\ntdll.dll
0x00007ffa80e10000 - 0x00007ffa80ec3000 	C:\WINDOWS\System32\KERNEL32.DLL
0x00007ffa7fef0000 - 0x00007ffa80183000 	C:\WINDOWS\System32\KERNELBASE.dll
0x00007ffa83740000 - 0x00007ffa837e3000 	C:\WINDOWS\System32\ADVAPI32.dll
0x00007ffa81370000 - 0x00007ffa8140e000 	C:\WINDOWS\System32\msvcrt.dll
0x00007ffa80ed0000 - 0x00007ffa80f6e000 	C:\WINDOWS\System32\sechost.dll
0x00007ffa829e0000 - 0x00007ffa82b02000 	C:\WINDOWS\System32\RPCRT4.dll
0x00007ffa80c70000 - 0x00007ffa80e07000 	C:\WINDOWS\System32\USER32.dll
0x00007ffa80450000 - 0x00007ffa80470000 	C:\WINDOWS\System32\win32u.dll
0x00007ffa829b0000 - 0x00007ffa829d9000 	C:\WINDOWS\System32\GDI32.dll
0x00007ffa80190000 - 0x00007ffa8032a000 	C:\WINDOWS\System32\gdi32full.dll
0x00007ffa80330000 - 0x00007ffa803d0000 	C:\WINDOWS\System32\msvcp_win.dll
0x00007ffa7fdc0000 - 0x00007ffa7feba000 	C:\WINDOWS\System32\ucrtbase.dll
0x00007ffa68d00000 - 0x00007ffa68f79000 	C:\WINDOWS\WinSxS\amd64_microsoft.windows.common-controls_6595b64144ccf1df_6.0.17763.437_none_05b63dca071e5dd6\COMCTL32.dll
0x00007ffa832a0000 - 0x00007ffa835cc000 	C:\WINDOWS\System32\combase.dll
0x00007ffa803d0000 - 0x00007ffa8044e000 	C:\WINDOWS\System32\bcryptPrimitives.dll
0x00007ffa81340000 - 0x00007ffa8136e000 	C:\WINDOWS\System32\IMM32.DLL
0x000000006ff00000 - 0x000000006ffd2000 	C:\Program Files\Android\Android Studio\jre\jre\bin\msvcr100.dll
0x0000000070240000 - 0x0000000070a81000 	C:\Program Files\Android\Android Studio\jre\jre\bin\server\jvm.dll
0x00007ffa810a0000 - 0x00007ffa810a8000 	C:\WINDOWS\System32\PSAPI.DLL
0x00007ffa6daa0000 - 0x00007ffa6daa9000 	C:\WINDOWS\SYSTEM32\WSOCK32.dll
0x00007ffa7c7f0000 - 0x00007ffa7c814000 	C:\WINDOWS\SYSTEM32\WINMM.dll
0x00007ffa79670000 - 0x00007ffa7967a000 	C:\WINDOWS\SYSTEM32\VERSION.dll
0x00007ffa81170000 - 0x00007ffa811dd000 	C:\WINDOWS\System32\WS2_32.dll
0x00007ffa7c7c0000 - 0x00007ffa7c7ed000 	C:\WINDOWS\SYSTEM32\WINMMBASE.dll
0x00007ffa7fb10000 - 0x00007ffa7fb5a000 	C:\WINDOWS\System32\cfgmgr32.dll
0x00007ffa79570000 - 0x00007ffa7957f000 	C:\Program Files\Android\Android Studio\jre\jre\bin\verify.dll
0x00007ffa59740000 - 0x00007ffa59769000 	C:\Program Files\Android\Android Studio\jre\jre\bin\java.dll
0x00007ffa653a0000 - 0x00007ffa653b6000 	C:\Program Files\Android\Android Studio\jre\jre\bin\zip.dll
0x00007ffa814c0000 - 0x00007ffa829b0000 	C:\WINDOWS\System32\SHELL32.dll
0x00007ffa81410000 - 0x00007ffa814b8000 	C:\WINDOWS\System32\shcore.dll
0x00007ffa80470000 - 0x00007ffa80bba000 	C:\WINDOWS\System32\windows.storage.dll
0x00007ffa7fae0000 - 0x00007ffa7fb04000 	C:\WINDOWS\System32\profapi.dll
0x00007ffa7fa80000 - 0x00007ffa7fadd000 	C:\WINDOWS\System32\powrprof.dll
0x00007ffa81110000 - 0x00007ffa81162000 	C:\WINDOWS\System32\shlwapi.dll
0x00007ffa7fa40000 - 0x00007ffa7fa51000 	C:\WINDOWS\System32\kernel.appcore.dll
0x00007ffa7fbc0000 - 0x00007ffa7fbd7000 	C:\WINDOWS\System32\cryptsp.dll
0x00007ffa64260000 - 0x00007ffa6427a000 	C:\Program Files\Android\Android Studio\jre\jre\bin\net.dll
0x00007ffa7f2c0000 - 0x00007ffa7f327000 	C:\WINDOWS\system32\mswsock.dll
0x00007ffa4ca10000 - 0x00007ffa4ca21000 	C:\Program Files\Android\Android Studio\jre\jre\bin\nio.dll
0x00007ffa65280000 - 0x00007ffa6529e000 	C:\Users\Zhu\.gradle\native\25\windows-amd64\native-platform.dll
0x00007ffa4d0a0000 - 0x00007ffa4d0ad000 	C:\Program Files\Android\Android Studio\jre\jre\bin\management.dll
0x00007ffa7ee80000 - 0x00007ffa7eeb3000 	C:\WINDOWS\system32\rsaenh.dll
0x00007ffa7fec0000 - 0x00007ffa7fee6000 	C:\WINDOWS\System32\bcrypt.dll
0x00007ffa7f970000 - 0x00007ffa7f998000 	C:\WINDOWS\SYSTEM32\USERENV.dll
0x00007ffa7f490000 - 0x00007ffa7f49c000 	C:\WINDOWS\SYSTEM32\CRYPTBASE.dll
0x00007ffa7f020000 - 0x00007ffa7f05d000 	C:\WINDOWS\SYSTEM32\IPHLPAPI.DLL
0x00007ffa83980000 - 0x00007ffa83988000 	C:\WINDOWS\System32\NSI.dll
0x00007ffa74ac0000 - 0x00007ffa74ad6000 	C:\WINDOWS\SYSTEM32\dhcpcsvc6.DLL
0x00007ffa74aa0000 - 0x00007ffa74abc000 	C:\WINDOWS\SYSTEM32\dhcpcsvc.DLL
0x00007ffa7f060000 - 0x00007ffa7f126000 	C:\WINDOWS\SYSTEM32\DNSAPI.dll

VM Arguments:
jvm_args: -Xmx1536m -Dfile.encoding=GBK -Duser.country=CN -Duser.language=zh -Duser.variant 
java_command: org.gradle.launcher.daemon.bootstrap.GradleDaemon 5.1.1
java_class_path (initial): C:\Users\Zhu\.gradle\wrapper\dists\gradle-5.1.1-all\97z1ksx6lirer3kbvdnh7jtjg\gradle-5.1.1\lib\gradle-launcher-5.1.1.jar
Launcher Type: SUN_STANDARD

Environment Variables:
PATH=C:\Program Files (x86)\Common Files\Oracle\Java\javapath;C:\Program Files (x86)\Common Files\Intel\Shared Libraries\redist\intel64_win\compiler;C:\Program Files (x86)\Intel\Intel(R) Management Engine Components\iCLS\;C:\Program Files\Intel\Intel(R) Management Engine Components\iCLS\;C:\Windows\system32;C:\Windows;C:\Windows\System32\Wbem;C:\Windows\System32\WindowsPowerShell\v1.0\;C:\Program Files (x86)\NVIDIA Corporation\PhysX\Common;C:\Program Files (x86)\Intel\Intel(R) Management Engine Components\DAL;C:\Program Files\Intel\Intel(R) Management Engine Components\DAL;C:\Program Files (x86)\Intel\Intel(R) Management Engine Components\IPT;C:\Program Files\Intel\Intel(R) Management Engine Components\IPT;C:\Program Files\Intel\WiFi\bin\;C:\Program Files\Common Files\Intel\WirelessCommon\;C:\Program Files\dotnet\;C:\WINDOWS\system32;C:\WINDOWS;C:\WINDOWS\System32\Wbem;C:\WINDOWS\System32\WindowsPowerShell\v1.0\;C:\WINDOWS\System32\OpenSSH\;C:\Program Files\Java\jdk1.8.0_181\bin;C:\Program Files\Java\jre1.8.0_181\bin;C:\Program Files\Git\cmd;C:\Users\Zhu\AppData\Local\Microsoft\WindowsApps;C:\Users\Zhu\.dotnet\tools;C:\Program Files\Bandizip\;C:\Users\Zhu\AppData\Local\Programs\Microsoft VS Code\bin;C:\Program Files\nodejs\;C:\Program Files\Pandoc\;D:\software\matlab\runtime\win64;D:\software\matlab\bin;C:\WINDOWS\system32;C:\WINDOWS;C:\WINDOWS\System32\Wbem;C:\WINDOWS\System32\WindowsPowerShell\v1.0\;C:\WINDOWS\System32\OpenSSH\;C:\Users\Zhu\AppData\Local\Programs\Python\Python37-32\Scripts\;C:\Users\Zhu\AppData\Local\Programs\Python\Python37-32\;C:\Users\Zhu\AppData\Local\Microsoft\WindowsApps;C:\Users\Zhu\AppData\Local\Programs\Microsoft VS Code\bin;C:\Program Files\Bandizip\;C:\Users\Zhu\AppData\Roaming\npm;C:\Users\Zhu\AppData\Local\Microsoft\WindowsApps;C:\Users\Zhu\AppData\Local\Android\Sdk\platform-tools;
USERNAME=Zhu
OS=Windows_NT
PROCESSOR_IDENTIFIER=Intel64 Family 6 Model 158 Stepping 10, GenuineIntel



---------------  S Y S T E M  ---------------

OS: Windows 10.0 , 64 bit Build 17763 (10.0.17763.437)

CPU:total 8 (initial active 8) (4 cores per cpu, 2 threads per core) family 6 model 158 stepping 10, cmov, cx8, fxsr, mmx, sse, sse2, sse3, ssse3, sse4.1, sse4.2, popcnt, avx, avx2, aes, clmul, erms, 3dnowpref, lzcnt, ht, tsc, tscinvbit, bmi1, bmi2, adx

Memory: 4k page, physical 8245196k(643812k free), swap 10192844k(5332k free)

vm_info: OpenJDK 64-Bit Server VM (25.152-b01) for windows-amd64 JRE (1.8.0_152-release-1343-b01), built by "builder" with MS VC++ 10.0 (VS2010)

time: Mon Apr 29 12:43:19 2019
elapsed time: 43 seconds (0d 0h 0m 43s)

